# JRE version: OpenJDK Runtime Environment Temurin-17.0.7+7 (17.0.7+7) (build 17.0.7+7)
# Java VM: OpenJDK 64-Bit Server VM Temurin-17.0.7+7 (17.0.7+7, mixed mode, sharing, tiered, compressed oops, compressed class ptrs, g1 gc, windows-amd64)
GC Precious Log:
 CPUs: 32 total, 32 available
 Memory: 65383M
 Large Page Support: Disabled
 NUMA Support: Disabled
 Compressed Oops: Enabled (Zero based)
 Heap Region Size: 2M
 Heap Min Capacity: 512M
 Heap Initial Capacity: 512M
 Heap Max Capacity: 4072M
 Pre-touch: Disabled
 Parallel Workers: 23
 Concurrent Workers: 6
 Concurrent Refinement Workers: 23
 Periodic GC: Disabled
 String Deduplication is enabled
Heap:
 garbage-first heap   total 696320K, used 147549K [0x0000000701800000, 0x0000000800000000)
  region size 2048K, 22 young (45056K), 4 survivors (8192K)
 Metaspace       used 94396K, committed 94976K, reserved 1179648K
  class space    used 13394K, committed 13696K, reserved 1048576K
GC Heap History (20 events):
Event: 4972.405 GC heap before
{Heap before GC invocations=100 (full 11):
 garbage-first heap   total 696320K, used 182857K [0x0000000701800000, 0x0000000800000000)
  region size 2048K, 40 young (81920K), 3 survivors (6144K)
 Metaspace       used 94281K, committed 94848K, reserved 1179648K
  class space    used 13394K, committed 13696K, reserved 1048576K
}
Event: 4972.407 GC heap after
{Heap after GC invocations=101 (full 11):
 garbage-first heap   total 696320K, used 106666K [0x0000000701800000, 0x0000000800000000)
  region size 2048K, 3 young (6144K), 3 survivors (6144K)
 Metaspace       used 94281K, committed 94848K, reserved 1179648K
  class space    used 13394K, committed 13696K, reserved 1048576K
}
Event: 4974.769 GC heap before
{Heap before GC invocations=101 (full 11):
 garbage-first heap   total 696320K, used 182442K [0x0000000701800000, 0x0000000800000000)
  region size 2048K, 41 young (83968K), 3 survivors (6144K)
 Metaspace       used 94295K, committed 94848K, reserved 1179648K
  class space    used 13394K, committed 13696K, reserved 1048576K
}
Event: 4974.771 GC heap after
{Heap after GC invocations=102 (full 11):
 garbage-first heap   total 696320K, used 106539K [0x0000000701800000, 0x0000000800000000)
  region size 2048K, 2 young (4096K), 2 survivors (4096K)
 Metaspace       used 94295K, committed 94848K, reserved 1179648K
  class space    used 13394K, committed 13696K, reserved 1048576K
}
Event: 4975.097 GC heap before
{Heap before GC invocations=102 (full 11):
 garbage-first heap   total 696320K, used 184363K [0x0000000701800000, 0x0000000800000000)
  region size 2048K, 40 young (81920K), 2 survivors (4096K)
 Metaspace       used 94295K, committed 94848K, reserved 1179648K
  class space    used 13394K, committed 13696K, reserved 1048576K
}
Event: 4975.099 GC heap after
{Heap after GC invocations=103 (full 11):
 garbage-first heap   total 696320K, used 106710K [0x0000000701800000, 0x0000000800000000)
  region size 2048K, 2 young (4096K), 2 survivors (4096K)
 Metaspace       used 94295K, committed 94848K, reserved 1179648K
  class space    used 13394K, committed 13696K, reserved 1048576K
}
Event: 4977.361 GC heap before
{Heap before GC invocations=103 (full 11):
 garbage-first heap   total 696320K, used 184534K [0x0000000701800000, 0x0000000800000000)
  region size 2048K, 40 young (81920K), 2 survivors (4096K)
 Metaspace       used 94303K, committed 94848K, reserved 1179648K
  class space    used 13394K, committed 13696K, reserved 1048576K
}
Event: 4977.363 GC heap after
{Heap after GC invocations=104 (full 11):
 garbage-first heap   total 696320K, used 107076K [0x0000000701800000, 0x0000000800000000)
  region size 2048K, 2 young (4096K), 2 survivors (4096K)
 Metaspace       used 94303K, committed 94848K, reserved 1179648K
  class space    used 13394K, committed 13696K, reserved 1048576K
}
Event: 4990.818 GC heap before
{Heap before GC invocations=104 (full 11):
 garbage-first heap   total 696320K, used 184900K [0x0000000701800000, 0x0000000800000000)
  region size 2048K, 40 young (81920K), 2 survivors (4096K)
 Metaspace       used 94304K, committed 94848K, reserved 1179648K
  class space    used 13394K, committed 13696K, reserved 1048576K
}
Event: 4990.820 GC heap after
{Heap after GC invocations=105 (full 11):
 garbage-first heap   total 696320K, used 107213K [0x0000000701800000, 0x0000000800000000)
  region size 2048K, 2 young (4096K), 2 survivors (4096K)
 Metaspace       used 94304K, committed 94848K, reserved 1179648K
  class space    used 13394K, committed 13696K, reserved 1048576K
}
Event: 5015.897 GC heap before
{Heap before GC invocations=105 (full 11):
 garbage-first heap   total 696320K, used 185037K [0x0000000701800000, 0x0000000800000000)
  region size 2048K, 40 young (81920K), 2 survivors (4096K)
 Metaspace       used 94322K, committed 94848K, reserved 1179648K
  class space    used 13394K, committed 13696K, reserved 1048576K
}
Event: 5015.898 GC heap after
{Heap after GC invocations=106 (full 11):
 garbage-first heap   total 696320K, used 107075K [0x0000000701800000, 0x0000000800000000)
  region size 2048K, 2 young (4096K), 2 survivors (4096K)
 Metaspace       used 94322K, committed 94848K, reserved 1179648K
  class space    used 13394K, committed 13696K, reserved 1048576K
}
Event: 5020.082 GC heap before
{Heap before GC invocations=106 (full 11):
 garbage-first heap   total 696320K, used 184899K [0x0000000701800000, 0x0000000800000000)
  region size 2048K, 40 young (81920K), 2 survivors (4096K)
 Metaspace       used 94326K, committed 94848K, reserved 1179648K
  class space    used 13394K, committed 13696K, reserved 1048576K
}
Event: 5020.084 GC heap after
{Heap after GC invocations=107 (full 11):
 garbage-first heap   total 696320K, used 107274K [0x0000000701800000, 0x0000000800000000)
  region size 2048K, 2 young (4096K), 2 survivors (4096K)
 Metaspace       used 94326K, committed 94848K, reserved 1179648K
  class space    used 13394K, committed 13696K, reserved 1048576K
}
Event: 5020.754 GC heap before
{Heap before GC invocations=107 (full 11):
 garbage-first heap   total 696320K, used 185098K [0x0000000701800000, 0x0000000800000000)
  region size 2048K, 40 young (81920K), 2 survivors (4096K)
 Metaspace       used 94327K, committed 94848K, reserved 1179648K
  class space    used 13394K, committed 13696K, reserved 1048576K
}
Event: 5020.755 GC heap after
{Heap after GC invocations=108 (full 11):
 garbage-first heap   total 696320K, used 107345K [0x0000000701800000, 0x0000000800000000)
  region size 2048K, 2 young (4096K), 2 survivors (4096K)
 Metaspace       used 94327K, committed 94848K, reserved 1179648K
  class space    used 13394K, committed 13696K, reserved 1048576K
}
Event: 5021.607 GC heap before
{Heap before GC invocations=108 (full 11):
 garbage-first heap   total 696320K, used 185169K [0x0000000701800000, 0x0000000800000000)
  region size 2048K, 40 young (81920K), 2 survivors (4096K)
 Metaspace       used 94328K, committed 94848K, reserved 1179648K
  class space    used 13394K, committed 13696K, reserved 1048576K
}
Event: 5021.608 GC heap after
{Heap after GC invocations=109 (full 11):
 garbage-first heap   total 696320K, used 107427K [0x0000000701800000, 0x0000000800000000)
  region size 2048K, 2 young (4096K), 2 survivors (4096K)
 Metaspace       used 94328K, committed 94848K, reserved 1179648K
  class space    used 13394K, committed 13696K, reserved 1048576K
}
Event: 5027.237 GC heap before
{Heap before GC invocations=109 (full 11):
 garbage-first heap   total 696320K, used 185251K [0x0000000701800000, 0x0000000800000000)
  region size 2048K, 40 young (81920K), 2 survivors (4096K)
 Metaspace       used 94380K, committed 94976K, reserved 1179648K
  class space    used 13394K, committed 13696K, reserved 1048576K
}
Event: 5027.239 GC heap after
{Heap after GC invocations=110 (full 11):
 garbage-first heap   total 696320K, used 112733K [0x0000000701800000, 0x0000000800000000)
  region size 2048K, 4 young (8192K), 4 survivors (8192K)
 Metaspace       used 94380K, committed 94976K, reserved 1179648K
  class space    used 13394K, committed 13696K, reserved 1048576K
}

